<?xml version="1.0" encoding="UTF-8"?>
<!-- Generated by org.testng.reporters.JUnitReportReporter -->
<testsuite hostname="LAPTOP-PQA462OG" failures="0" tests="3" name="TestNG.TestAnno_Priority1" time="0.023" errors="0" timestamp="2023-01-03T13:32:44 IST" skipped="0">
  <testcase classname="TestNG.TestAnno_Priority1" name="TC2" time="0.018"/>
  <system-out>
    <![CDATA[running TC 2]]>
  </system-out>
  <testcase classname="TestNG.TestAnno_Priority1" name="TC3" time="0.003"/>
  <system-out>
    <![CDATA[running TC 3]]>
  </system-out>
  <testcase classname="TestNG.TestAnno_Priority1" name="TC1" time="0.002"/>
  <system-out>
    <![CDATA[running TC 1]]>
  </system-out>
</testsuite> <!-- TestNG.TestAnno_Priority1 -->
